# JRE version: OpenJDK Runtime Environment 18.9 (11.0.16+8) (build 11.0.16+8)
# Java VM: OpenJDK 64-Bit Server VM 18.9 (11.0.16+8, mixed mode, tiered, compressed oops, g1 gc, windows-amd64)
Heap:
 garbage-first heap   total 65536K, used 15269K [0x00000000fc000000, 0x0000000100000000)
  region size 1024K, 7 young (7168K), 2 survivors (2048K)
 Metaspace       used 16789K, capacity 17162K, committed 17408K, reserved 1064960K
  class space    used 1870K, capacity 2025K, committed 2048K, reserved 1048576K
GC Heap History (10 events):
Event: 4.000 GC heap before
{Heap before GC invocations=0 (full 0):
 garbage-first heap   total 65536K, used 16384K [0x00000000fc000000, 0x0000000100000000)
  region size 1024K, 14 young (14336K), 0 survivors (0K)
 Metaspace       used 7664K, capacity 7889K, committed 7936K, reserved 1056768K
  class space    used 671K, capacity 754K, committed 768K, reserved 1048576K
}
Event: 4.027 GC heap after
{Heap after GC invocations=1 (full 0):
 garbage-first heap   total 65536K, used 3242K [0x00000000fc000000, 0x0000000100000000)
  region size 1024K, 2 young (2048K), 2 survivors (2048K)
 Metaspace       used 7664K, capacity 7889K, committed 7936K, reserved 1056768K
  class space    used 671K, capacity 754K, committed 768K, reserved 1048576K
}
Event: 5.032 GC heap before
{Heap before GC invocations=1 (full 0):
 garbage-first heap   total 65536K, used 4266K [0x00000000fc000000, 0x0000000100000000)
  region size 1024K, 4 young (4096K), 2 survivors (2048K)
 Metaspace       used 7847K, capacity 8017K, committed 8192K, reserved 1056768K
  class space    used 687K, capacity 754K, committed 768K, reserved 1048576K
}
Event: 5.036 GC heap after
{Heap after GC invocations=2 (full 0):
 garbage-first heap   total 65536K, used 4304K [0x00000000fc000000, 0x0000000100000000)
  region size 1024K, 1 young (1024K), 1 survivors (1024K)
 Metaspace       used 7847K, capacity 8017K, committed 8192K, reserved 1056768K
  class space    used 687K, capacity 754K, committed 768K, reserved 1048576K
}
Event: 5.707 GC heap before
{Heap before GC invocations=2 (full 0):
 garbage-first heap   total 65536K, used 11472K [0x00000000fc000000, 0x0000000100000000)
  region size 1024K, 6 young (6144K), 1 survivors (1024K)
 Metaspace       used 9440K, capacity 9674K, committed 9984K, reserved 1058816K
  class space    used 898K, capacity 968K, committed 1024K, reserved 1048576K
}
Event: 5.708 GC heap after
{Heap after GC invocations=3 (full 0):
 garbage-first heap   total 65536K, used 9179K [0x00000000fc000000, 0x0000000100000000)
  region size 1024K, 1 young (1024K), 1 survivors (1024K)
 Metaspace       used 9440K, capacity 9674K, committed 9984K, reserved 1058816K
  class space    used 898K, capacity 968K, committed 1024K, reserved 1048576K
}
Event: 6.464 GC heap before
{Heap before GC invocations=3 (full 0):
 garbage-first heap   total 65536K, used 18395K [0x00000000fc000000, 0x0000000100000000)
  region size 1024K, 11 young (11264K), 1 survivors (1024K)
 Metaspace       used 12047K, capacity 12349K, committed 12416K, reserved 1060864K
  class space    used 1277K, capacity 1371K, committed 1408K, reserved 1048576K
}
Event: 6.466 GC heap after
{Heap after GC invocations=4 (full 0):
 garbage-first heap   total 65536K, used 9870K [0x00000000fc000000, 0x0000000100000000)
  region size 1024K, 2 young (2048K), 2 survivors (2048K)
 Metaspace       used 12047K, capacity 12349K, committed 12416K, reserved 1060864K
  class space    used 1277K, capacity 1371K, committed 1408K, reserved 1048576K
}
Event: 7.808 GC heap before
{Heap before GC invocations=4 (full 0):
 garbage-first heap   total 65536K, used 24206K [0x00000000fc000000, 0x0000000100000000)
  region size 1024K, 16 young (16384K), 2 survivors (2048K)
 Metaspace       used 15943K, capacity 16254K, committed 16512K, reserved 1064960K
  class space    used 1792K, capacity 1911K, committed 1920K, reserved 1048576K
}
Event: 7.811 GC heap after
{Heap after GC invocations=5 (full 0):
 garbage-first heap   total 65536K, used 11173K [0x00000000fc000000, 0x0000000100000000)
  region size 1024K, 2 young (2048K), 2 survivors (2048K)
 Metaspace       used 15943K, capacity 16254K, committed 16512K, reserved 1064960K
  class space    used 1792K, capacity 1911K, committed 1920K, reserved 1048576K
}

